This is pdfTeX, Version 3.141592653-2.6-1.40.24 (TeX Live 2022) (preloaded format=pdflatex 2022.7.20)  19 MAY 2025 22:17
entering extended mode
 restricted \write18 enabled.
 %&-line parsing enabled.
**thesis.tex
(./thesis.tex
LaTeX2e <2021-11-15> patch level 1
L3 programming layer <2022-02-24> (./msuphddissertation.cls
Document Class: msuphddissertation 
(/usr/local/texlive/2022/texmf-dist/tex/latex/base/book.cls
Document Class: book 2021/10/04 v1.4n Standard LaTeX document class
(/usr/local/texlive/2022/texmf-dist/tex/latex/base/bk12.clo
File: bk12.clo 2021/10/04 v1.4n Standard LaTeX file (size option)
)
\c@part=\count185
\c@chapter=\count186
\c@section=\count187
\c@subsection=\count188
\c@subsubsection=\count189
\c@paragraph=\count190
\c@subparagraph=\count191
\c@figure=\count192
\c@table=\count193
\abovecaptionskip=\skip47
\belowcaptionskip=\skip48
\bibindent=\dimen138
)
(/usr/local/texlive/2022/texmf-dist/tex/latex/base/ifthen.sty
Package: ifthen 2020/11/24 v1.1c Standard LaTeX ifthen package (DPC)
)
(/usr/local/texlive/2022/texmf-dist/tex/latex/setspace/setspace.sty
Package: setspace 2011/12/19 v6.7a set line spacing
)
(/usr/local/texlive/2022/texmf-dist/tex/latex/tocloft/tocloft.sty
Package: tocloft 2017/08/31 v2.3i parameterised ToC, etc., typesetting
Package tocloft Info: The document has chapter divisions on input line 51.
\cftparskip=\skip49
\cftbeforetoctitleskip=\skip50
\cftaftertoctitleskip=\skip51
\cftbeforepartskip=\skip52
\cftpartnumwidth=\skip53
\cftpartindent=\skip54
\cftbeforechapskip=\skip55
\cftchapindent=\skip56
\cftchapnumwidth=\skip57
\cftbeforesecskip=\skip58
\cftsecindent=\skip59
\cftsecnumwidth=\skip60
\cftbeforesubsecskip=\skip61
\cftsubsecindent=\skip62
\cftsubsecnumwidth=\skip63
\cftbeforesubsubsecskip=\skip64
\cftsubsubsecindent=\skip65
\cftsubsubsecnumwidth=\skip66
\cftbeforeparaskip=\skip67
\cftparaindent=\skip68
\cftparanumwidth=\skip69
\cftbeforesubparaskip=\skip70
\cftsubparaindent=\skip71
\cftsubparanumwidth=\skip72
\cftbeforeloftitleskip=\skip73
\cftafterloftitleskip=\skip74
\cftbeforefigskip=\skip75
\cftfigindent=\skip76
\cftfignumwidth=\skip77
\cftbeforelottitleskip=\skip78
\cftafterlottitleskip=\skip79
\cftbeforetabskip=\skip80
\cfttabindent=\skip81
\cfttabnumwidth=\skip82
\cftbeforesubfigskip=\skip83
\cftsubfigindent=\skip84
\cftsubfignumwidth=\skip85
\cftbeforesubtabskip=\skip86
\cftsubtabindent=\skip87
\cftsubtabnumwidth=\skip88
)
(/usr/local/texlive/2022/texmf-dist/tex/latex/geometry/geometry.sty
Package: geometry 2020/01/02 v5.9 Page Geometry

(/usr/local/texlive/2022/texmf-dist/tex/latex/graphics/keyval.sty
Package: keyval 2014/10/28 v1.15 key=value parser (DPC)
\KV@toks@=\toks16
)
(/usr/local/texlive/2022/texmf-dist/tex/generic/iftex/ifvtex.sty
Package: ifvtex 2019/10/25 v1.7 ifvtex legacy package. Use iftex instead.

(/usr/local/texlive/2022/texmf-dist/tex/generic/iftex/iftex.sty
Package: iftex 2022/02/03 v1.0f TeX engine tests
))
\Gm@cnth=\count194
\Gm@cntv=\count195
\c@Gm@tempcnt=\count196
\Gm@bindingoffset=\dimen139
\Gm@wd@mp=\dimen140
\Gm@odd@mp=\dimen141
\Gm@even@mp=\dimen142
\Gm@layoutwidth=\dimen143
\Gm@layoutheight=\dimen144
\Gm@layouthoffset=\dimen145
\Gm@layoutvoffset=\dimen146
\Gm@dimlist=\toks17
)
(/usr/local/texlive/2022/texmf-dist/tex/latex/pdflscape/pdflscape.sty
Package: pdflscape 2019/12/05 v0.12 Display of landscape pages in PDF (HO)

(/usr/local/texlive/2022/texmf-dist/tex/latex/graphics/lscape.sty
Package: lscape 2020/05/28 v3.02 Landscape Pages (DPC)

(/usr/local/texlive/2022/texmf-dist/tex/latex/graphics/graphics.sty
Package: graphics 2021/03/04 v1.4d Standard LaTeX Graphics (DPC,SPQR)

(/usr/local/texlive/2022/texmf-dist/tex/latex/graphics/trig.sty
Package: trig 2021/08/11 v1.11 sin cos tan (DPC)
)
(/usr/local/texlive/2022/texmf-dist/tex/latex/graphics-cfg/graphics.cfg
File: graphics.cfg 2016/06/04 v1.11 sample graphics configuration
)
Package graphics Info: Driver file: pdftex.def on input line 107.

(/usr/local/texlive/2022/texmf-dist/tex/latex/graphics-def/pdftex.def
File: pdftex.def 2020/10/05 v1.2a Graphics/color driver for pdftex
)))
Package pdflscape Info: Auto-detected driver: pdftex on input line 81.
)
(/usr/local/texlive/2022/texmf-dist/tex/latex/titlesec/titlesec.sty
Package: titlesec 2021/07/05 v2.14 Sectioning titles
\ttl@box=\box50
\beforetitleunit=\skip89
\aftertitleunit=\skip90
\ttl@plus=\dimen147
\ttl@minus=\dimen148
\ttl@toksa=\toks18
\titlewidth=\dimen149
\titlewidthlast=\dimen150
\titlewidthfirst=\dimen151
)
\c@pubabs=\count197
)
(/usr/local/texlive/2022/texmf-dist/tex/latex/graphics/graphicx.sty
Package: graphicx 2021/09/16 v1.2d Enhanced LaTeX Graphics (DPC,SPQR)
\Gin@req@height=\dimen152
\Gin@req@width=\dimen153
)
(/usr/local/texlive/2022/texmf-dist/tex/latex/float/float.sty
Package: float 2001/11/08 v1.3d Float enhancements (AL)
\c@float@type=\count198
\float@exts=\toks19
\float@box=\box51
\@float@everytoks=\toks20
\@floatcapt=\box52
)
(/usr/local/texlive/2022/texmf-dist/tex/latex/wrapfig/wrapfig.sty
\wrapoverhang=\dimen154
\WF@size=\dimen155
\c@WF@wrappedlines=\count199
\WF@box=\box53
\WF@everypar=\toks21
Package: wrapfig 2003/01/31  v 3.6
)
(/usr/local/texlive/2022/texmf-dist/tex/latex/tools/tabularx.sty
Package: tabularx 2020/01/15 v2.11c `tabularx' package (DPC)

(/usr/local/texlive/2022/texmf-dist/tex/latex/tools/array.sty
Package: array 2021/10/04 v2.5f Tabular extension package (FMi)
\col@sep=\dimen156
\ar@mcellbox=\box54
\extrarowheight=\dimen157
\NC@list=\toks22
\extratabsurround=\skip91
\backup@length=\skip92
\ar@cellbox=\box55
)
\TX@col@width=\dimen158
\TX@old@table=\dimen159
\TX@old@col=\dimen160
\TX@target=\dimen161
\TX@delta=\dimen162
\TX@cols=\count266
\TX@ftn=\toks23
)
(/usr/local/texlive/2022/texmf-dist/tex/latex/amsfonts/amssymb.sty
Package: amssymb 2013/01/14 v3.01 AMS font symbols

(/usr/local/texlive/2022/texmf-dist/tex/latex/amsfonts/amsfonts.sty
Package: amsfonts 2013/01/14 v3.01 Basic AMSFonts support
\@emptytoks=\toks24
\symAMSa=\mathgroup4
\symAMSb=\mathgroup5
LaTeX Font Info:    Redeclaring math symbol \hbar on input line 98.
LaTeX Font Info:    Overwriting math alphabet `\mathfrak' in version `bold'
(Font)                  U/euf/m/n --> U/euf/b/n on input line 106.
))
(/usr/local/texlive/2022/texmf-dist/tex/latex/amsmath/amsmath.sty
Package: amsmath 2021/10/15 v2.17l AMS math features
\@mathmargin=\skip93

For additional information on amsmath, use the `?' option.
(/usr/local/texlive/2022/texmf-dist/tex/latex/amsmath/amstext.sty
Package: amstext 2021/08/26 v2.01 AMS text

(/usr/local/texlive/2022/texmf-dist/tex/latex/amsmath/amsgen.sty
File: amsgen.sty 1999/11/30 v2.0 generic functions
\@emptytoks=\toks25
\ex@=\dimen163
))
(/usr/local/texlive/2022/texmf-dist/tex/latex/amsmath/amsbsy.sty
Package: amsbsy 1999/11/29 v1.2d Bold Symbols
\pmbraise@=\dimen164
)
(/usr/local/texlive/2022/texmf-dist/tex/latex/amsmath/amsopn.sty
Package: amsopn 2021/08/26 v2.02 operator names
)
\inf@bad=\count267
LaTeX Info: Redefining \frac on input line 234.
\uproot@=\count268
\leftroot@=\count269
LaTeX Info: Redefining \overline on input line 399.
\classnum@=\count270
\DOTSCASE@=\count271
LaTeX Info: Redefining \ldots on input line 496.
LaTeX Info: Redefining \dots on input line 499.
LaTeX Info: Redefining \cdots on input line 620.
\Mathstrutbox@=\box56
\strutbox@=\box57
\big@size=\dimen165
LaTeX Font Info:    Redeclaring font encoding OML on input line 743.
LaTeX Font Info:    Redeclaring font encoding OMS on input line 744.
\macc@depth=\count272
\c@MaxMatrixCols=\count273
\dotsspace@=\muskip16
\c@parentequation=\count274
\dspbrk@lvl=\count275
\tag@help=\toks26
\row@=\count276
\column@=\count277
\maxfields@=\count278
\andhelp@=\toks27
\eqnshift@=\dimen166
\alignsep@=\dimen167
\tagshift@=\dimen168
\tagwidth@=\dimen169
\totwidth@=\dimen170
\lineht@=\dimen171
\@envbody=\toks28
\multlinegap=\skip94
\multlinetaggap=\skip95
\mathdisplay@stack=\toks29
LaTeX Info: Redefining \[ on input line 2938.
LaTeX Info: Redefining \] on input line 2939.
)
(/usr/local/texlive/2022/texmf-dist/tex/latex/mathtools/mathtools.sty
Package: mathtools 2022/02/07 v1.28a mathematical typesetting tools

(/usr/local/texlive/2022/texmf-dist/tex/latex/tools/calc.sty
Package: calc 2017/05/25 v4.3 Infix arithmetic (KKT,FJ)
\calc@Acount=\count279
\calc@Bcount=\count280
\calc@Adimen=\dimen172
\calc@Bdimen=\dimen173
\calc@Askip=\skip96
\calc@Bskip=\skip97
LaTeX Info: Redefining \setlength on input line 80.
LaTeX Info: Redefining \addtolength on input line 81.
\calc@Ccount=\count281
\calc@Cskip=\skip98
)
(/usr/local/texlive/2022/texmf-dist/tex/latex/mathtools/mhsetup.sty
Package: mhsetup 2021/03/18 v1.4 programming setup (MH)
)
\g_MT_multlinerow_int=\count282
\l_MT_multwidth_dim=\dimen174
\origjot=\skip99
\l_MT_shortvdotswithinadjustabove_dim=\dimen175
\l_MT_shortvdotswithinadjustbelow_dim=\dimen176
\l_MT_above_intertext_sep=\dimen177
\l_MT_below_intertext_sep=\dimen178
\l_MT_above_shortintertext_sep=\dimen179
\l_MT_below_shortintertext_sep=\dimen180
\xmathstrut@box=\box58
\xmathstrut@dim=\dimen181
)
(/usr/local/texlive/2022/texmf-dist/tex/latex/subfig/subfig.sty
Package: subfig 2005/06/28 ver: 1.3 subfig package

(/usr/local/texlive/2022/texmf-dist/tex/latex/caption/caption.sty
Package: caption 2022/03/01 v3.6b Customizing captions (AR)

(/usr/local/texlive/2022/texmf-dist/tex/latex/caption/caption3.sty
Package: caption3 2022/03/17 v2.3b caption3 kernel (AR)
\caption@tempdima=\dimen182
\captionmargin=\dimen183
\caption@leftmargin=\dimen184
\caption@rightmargin=\dimen185
\caption@width=\dimen186
\caption@indent=\dimen187
\caption@parindent=\dimen188
\caption@hangindent=\dimen189
Package caption Info: Standard document class detected.
)
\c@caption@flags=\count283
\c@continuedfloat=\count284
Package caption Info: float package is loaded.
Package caption Info: wrapfig package is loaded.
)
\c@KVtest=\count285
\sf@farskip=\skip100
\sf@captopadj=\dimen190
\sf@capskip=\skip101
\sf@nearskip=\skip102
\c@subfigure=\count286
\c@subfigure@save=\count287
\c@lofdepth=\count288
\c@subtable=\count289
\c@subtable@save=\count290
\c@lotdepth=\count291
\sf@top=\skip103
\sf@bottom=\skip104
)
(/usr/local/texlive/2022/texmf-dist/tex/latex/adjustbox/adjustbox.sty
Package: adjustbox 2020/08/19 v1.3 Adjusting TeX boxes (trim, clip, ...)

(/usr/local/texlive/2022/texmf-dist/tex/latex/xkeyval/xkeyval.sty
Package: xkeyval 2020/11/20 v2.8 package option processing (HA)

(/usr/local/texlive/2022/texmf-dist/tex/generic/xkeyval/xkeyval.tex
(/usr/local/texlive/2022/texmf-dist/tex/generic/xkeyval/xkvutils.tex
\XKV@toks=\toks30
\XKV@tempa@toks=\toks31
)
\XKV@depth=\count292
File: xkeyval.tex 2014/12/03 v2.7a key=value parser (HA)
))
(/usr/local/texlive/2022/texmf-dist/tex/latex/adjustbox/adjcalc.sty
Package: adjcalc 2012/05/16 v1.1 Provides advanced setlength with multiple back
-ends (calc, etex, pgfmath)
)
(/usr/local/texlive/2022/texmf-dist/tex/latex/adjustbox/trimclip.sty
Package: trimclip 2020/08/19 v1.2 Trim and clip general TeX material

(/usr/local/texlive/2022/texmf-dist/tex/latex/collectbox/collectbox.sty
Package: collectbox 2012/05/17 v0.4b Collect macro arguments as boxes
\collectedbox=\box59
)
\tc@llx=\dimen191
\tc@lly=\dimen192
\tc@urx=\dimen193
\tc@ury=\dimen194
Package trimclip Info: Using driver 'tc-pdftex.def'.

(/usr/local/texlive/2022/texmf-dist/tex/latex/adjustbox/tc-pdftex.def
File: tc-pdftex.def 2019/01/04 v2.2 Clipping driver for pdftex
))
\adjbox@Width=\dimen195
\adjbox@Height=\dimen196
\adjbox@Depth=\dimen197
\adjbox@Totalheight=\dimen198
\adjbox@pwidth=\dimen199
\adjbox@pheight=\dimen256
\adjbox@pdepth=\dimen257
\adjbox@ptotalheight=\dimen258

(/usr/local/texlive/2022/texmf-dist/tex/latex/ifoddpage/ifoddpage.sty
Package: ifoddpage 2016/04/23 v1.1 Conditionals for odd/even page detection
\c@checkoddpage=\count293
)
(/usr/local/texlive/2022/texmf-dist/tex/latex/varwidth/varwidth.sty
Package: varwidth 2009/03/30 ver 0.92;  Variable-width minipages
\@vwid@box=\box60
\sift@deathcycles=\count294
\@vwid@loff=\dimen259
\@vwid@roff=\dimen260
))
(/usr/local/texlive/2022/texmf-dist/tex/latex/pdfpages/pdfpages.sty
Package: pdfpages 2022/01/29 v0.5u Insert pages of external PDF documents (AM)

(/usr/local/texlive/2022/texmf-dist/tex/latex/eso-pic/eso-pic.sty
Package: eso-pic 2020/10/14 v3.0a eso-pic (RN)
\ESO@tempdima=\dimen261
\ESO@tempdimb=\dimen262

(/usr/local/texlive/2022/texmf-dist/tex/latex/xcolor/xcolor.sty
Package: xcolor 2021/10/31 v2.13 LaTeX color extensions (UK)

(/usr/local/texlive/2022/texmf-dist/tex/latex/graphics-cfg/color.cfg
File: color.cfg 2016/01/02 v1.6 sample color configuration
)
Package xcolor Info: Driver file: pdftex.def on input line 227.
Package xcolor Info: Model `cmy' substituted by `cmy0' on input line 1352.
Package xcolor Info: Model `hsb' substituted by `rgb' on input line 1356.
Package xcolor Info: Model `RGB' extended on input line 1368.
Package xcolor Info: Model `HTML' substituted by `rgb' on input line 1370.
Package xcolor Info: Model `Hsb' substituted by `hsb' on input line 1371.
Package xcolor Info: Model `tHsb' substituted by `hsb' on input line 1372.
Package xcolor Info: Model `HSB' substituted by `hsb' on input line 1373.
Package xcolor Info: Model `Gray' substituted by `gray' on input line 1374.
Package xcolor Info: Model `wave' substituted by `hsb' on input line 1375.
))
\AM@pagewidth=\dimen263
\AM@pageheight=\dimen264
\AM@fboxrule=\dimen265

(/usr/local/texlive/2022/texmf-dist/tex/latex/pdfpages/pppdftex.def
File: pppdftex.def 2022/01/29 v0.5u Pdfpages driver for pdfTeX (AM)
)
\pdfpages@includegraphics@status=\count295
\AM@pagebox=\box61
\AM@global@opts=\toks32
\AM@pagecnt=\count296
\AM@toc@title=\toks33
\c@AM@survey=\count297
\AM@templatesizebox=\box62
)
(/usr/local/texlive/2022/texmf-dist/tex/latex/acronym/acronym.sty
Package: acronym 2020/04/17 v1.47 Support for acronyms (Tobias Oetiker)

(/usr/local/texlive/2022/texmf-dist/tex/latex/bigfoot/suffix.sty
Package: suffix 2006/07/15 1.5a Variant command support
)
(/usr/local/texlive/2022/texmf-dist/tex/generic/xstring/xstring.sty
(/usr/local/texlive/2022/texmf-dist/tex/generic/xstring/xstring.tex
\integerpart=\count298
\decimalpart=\count299
)
Package: xstring 2021/07/21 v1.84 String manipulations (CT)
)
\AC@clearlist=\toks34
)
(/usr/local/texlive/2022/texmf-dist/tex/latex/booktabs/booktabs.sty
Package: booktabs 2020/01/12 v1.61803398 Publication quality tables
\heavyrulewidth=\dimen266
\lightrulewidth=\dimen267
\cmidrulewidth=\dimen268
\belowrulesep=\dimen269
\belowbottomsep=\dimen270
\aboverulesep=\dimen271
\abovetopsep=\dimen272
\cmidrulesep=\dimen273
\cmidrulekern=\dimen274
\defaultaddspace=\dimen275
\@cmidla=\count300
\@cmidlb=\count301
\@aboverulesep=\dimen276
\@belowrulesep=\dimen277
\@thisruleclass=\count302
\@lastruleclass=\count303
\@thisrulewidth=\dimen278
)
(/usr/local/texlive/2022/texmf-dist/tex/latex/tools/longtable.sty
Package: longtable 2021-09-01 v4.17 Multi-page Table package (DPC)
\LTleft=\skip105
\LTright=\skip106
\LTpre=\skip107
\LTpost=\skip108
\LTchunksize=\count304
\LTcapwidth=\dimen279
\LT@head=\box63
\LT@firsthead=\box64
\LT@foot=\box65
\LT@lastfoot=\box66
\LT@gbox=\box67
\LT@cols=\count305
\LT@rows=\count306
\c@LT@tables=\count307
\c@LT@chunks=\count308
\LT@p@ftn=\toks35
)
(/usr/local/texlive/2022/texmf-dist/tex/latex/tabu/tabu.sty
Package: tabu 2019/01/11 v2.9 - flexible LaTeX tabulars (FC+tabu-fixed)
\c@taburow=\count309
\tabu@nbcols=\count310
\tabu@cnt=\count311
\tabu@Xcol=\count312
\tabu@alloc=\count313
\tabu@nested=\count314
\tabu@target=\dimen280
\tabu@spreadtarget=\dimen281
\tabu@naturalX=\dimen282
\tabucolX=\dimen283
\tabu@Xsum=\dimen284
\extrarowdepth=\dimen285
\abovetabulinesep=\dimen286
\belowtabulinesep=\dimen287
\tabustrutrule=\dimen288
\tabu@thebody=\toks36
\tabu@footnotes=\toks37
\tabu@box=\box68
\tabu@arstrutbox=\box69
\tabu@hleads=\box70
\tabu@vleads=\box71
\tabu@cellskip=\skip109
)
(/usr/local/texlive/2022/texmf-dist/tex/latex/hyperref/hyperref.sty
Package: hyperref 2022-02-21 v7.00n Hypertext links for LaTeX

(/usr/local/texlive/2022/texmf-dist/tex/generic/ltxcmds/ltxcmds.sty
Package: ltxcmds 2020-05-10 v1.25 LaTeX kernel commands for general use (HO)
)
(/usr/local/texlive/2022/texmf-dist/tex/generic/pdftexcmds/pdftexcmds.sty
Package: pdftexcmds 2020-06-27 v0.33 Utility functions of pdfTeX for LuaTeX (HO
)

(/usr/local/texlive/2022/texmf-dist/tex/generic/infwarerr/infwarerr.sty
Package: infwarerr 2019/12/03 v1.5 Providing info/warning/error messages (HO)
)
Package pdftexcmds Info: \pdf@primitive is available.
Package pdftexcmds Info: \pdf@ifprimitive is available.
Package pdftexcmds Info: \pdfdraftmode found.
)
(/usr/local/texlive/2022/texmf-dist/tex/generic/kvsetkeys/kvsetkeys.sty
Package: kvsetkeys 2019/12/15 v1.18 Key value parser (HO)
)
(/usr/local/texlive/2022/texmf-dist/tex/generic/kvdefinekeys/kvdefinekeys.sty
Package: kvdefinekeys 2019-12-19 v1.6 Define keys (HO)
)
(/usr/local/texlive/2022/texmf-dist/tex/generic/pdfescape/pdfescape.sty
Package: pdfescape 2019/12/09 v1.15 Implements pdfTeX's escape features (HO)
)
(/usr/local/texlive/2022/texmf-dist/tex/latex/hycolor/hycolor.sty
Package: hycolor 2020-01-27 v1.10 Color options for hyperref/bookmark (HO)
)
(/usr/local/texlive/2022/texmf-dist/tex/latex/letltxmacro/letltxmacro.sty
Package: letltxmacro 2019/12/03 v1.6 Let assignment for LaTeX macros (HO)
)
(/usr/local/texlive/2022/texmf-dist/tex/latex/auxhook/auxhook.sty
Package: auxhook 2019-12-17 v1.6 Hooks for auxiliary files (HO)
)
(/usr/local/texlive/2022/texmf-dist/tex/latex/kvoptions/kvoptions.sty
Package: kvoptions 2020-10-07 v3.14 Key value format for package options (HO)
)
\@linkdim=\dimen289
\Hy@linkcounter=\count315
\Hy@pagecounter=\count316

(/usr/local/texlive/2022/texmf-dist/tex/latex/hyperref/pd1enc.def
File: pd1enc.def 2022-02-21 v7.00n Hyperref: PDFDocEncoding definition (HO)
Now handling font encoding PD1 ...
... no UTF-8 mapping file for font encoding PD1
)
(/usr/local/texlive/2022/texmf-dist/tex/generic/intcalc/intcalc.sty
Package: intcalc 2019/12/15 v1.3 Expandable calculations with integers (HO)
)
(/usr/local/texlive/2022/texmf-dist/tex/generic/etexcmds/etexcmds.sty
Package: etexcmds 2019/12/15 v1.7 Avoid name clashes with e-TeX commands (HO)
)
\Hy@SavedSpaceFactor=\count317

(/usr/local/texlive/2022/texmf-dist/tex/latex/hyperref/puenc.def
File: puenc.def 2022-02-21 v7.00n Hyperref: PDF Unicode definition (HO)
Now handling font encoding PU ...
... no UTF-8 mapping file for font encoding PU
)
Package hyperref Info: Hyper figures OFF on input line 4137.
Package hyperref Info: Link nesting OFF on input line 4142.
Package hyperref Info: Hyper index ON on input line 4145.
Package hyperref Info: Plain pages OFF on input line 4152.
Package hyperref Info: Backreferencing OFF on input line 4157.
Package hyperref Info: Implicit mode ON; LaTeX internals redefined.
Package hyperref Info: Bookmarks ON on input line 4390.
\c@Hy@tempcnt=\count318

(/usr/local/texlive/2022/texmf-dist/tex/latex/url/url.sty
\Urlmuskip=\muskip17
Package: url 2013/09/16  ver 3.4  Verb mode for urls, etc.
)
LaTeX Info: Redefining \url on input line 4749.
\XeTeXLinkMargin=\dimen290

(/usr/local/texlive/2022/texmf-dist/tex/generic/bitset/bitset.sty
Package: bitset 2019/12/09 v1.3 Handle bit-vector datatype (HO)

(/usr/local/texlive/2022/texmf-dist/tex/generic/bigintcalc/bigintcalc.sty
Package: bigintcalc 2019/12/15 v1.5 Expandable calculations on big integers (HO
)
))
\Fld@menulength=\count319
\Field@Width=\dimen291
\Fld@charsize=\dimen292
Package hyperref Info: Hyper figures OFF on input line 6027.
Package hyperref Info: Link nesting OFF on input line 6032.
Package hyperref Info: Hyper index ON on input line 6035.
Package hyperref Info: backreferencing OFF on input line 6042.
Package hyperref Info: Link coloring OFF on input line 6047.
Package hyperref Info: Link coloring with OCG OFF on input line 6052.
Package hyperref Info: PDF/A mode OFF on input line 6057.
LaTeX Info: Redefining \ref on input line 6097.
LaTeX Info: Redefining \pageref on input line 6101.

(/usr/local/texlive/2022/texmf-dist/tex/latex/base/atbegshi-ltx.sty
Package: atbegshi-ltx 2021/01/10 v1.0c Emulation of the original atbegshi
package with kernel methods
)
\Hy@abspage=\count320
\c@Item=\count321
\c@Hfootnote=\count322
)
Package hyperref Info: Driver (autodetected): hpdftex.

(/usr/local/texlive/2022/texmf-dist/tex/latex/hyperref/hpdftex.def
File: hpdftex.def 2022-02-21 v7.00n Hyperref driver for pdfTeX

(/usr/local/texlive/2022/texmf-dist/tex/latex/base/atveryend-ltx.sty
Package: atveryend-ltx 2020/08/19 v1.0a Emulation of the original atveryend pac
kage
with kernel methods
)
\Fld@listcount=\count323
\c@bookmark@seq@number=\count324

(/usr/local/texlive/2022/texmf-dist/tex/latex/rerunfilecheck/rerunfilecheck.sty
Package: rerunfilecheck 2019/12/05 v1.9 Rerun checks for auxiliary files (HO)

(/usr/local/texlive/2022/texmf-dist/tex/generic/uniquecounter/uniquecounter.sty
Package: uniquecounter 2019/12/15 v1.4 Provide unlimited unique counter (HO)
)
Package uniquecounter Info: New unique counter `rerunfilecheck' on input line 2
86.
)
\Hy@SectionHShift=\skip110
)
Package hyperref Info: Option `colorlinks' set `true' on input line 54.
 (/usr/local/texlive/2022/texmf-dist/tex/latex/tocbibind/tocbibind.sty
Package: tocbibind 2010/10/13 v1.5k extra ToC listings
Package tocbibind Info: The document has chapter divisions on input line 50.


Package tocbibind Note: Using chapter style headings, unless overridden.

) (/usr/local/texlive/2022/texmf-dist/tex/latex/tools/xspace.sty
Package: xspace 2014/10/28 v1.13 Space after command names (DPC,MH)
)
(/usr/local/texlive/2022/texmf-dist/tex/latex/relsize/relsize.sty
Package: relsize 2013/03/29 ver 4.1
)
(/usr/local/texlive/2022/texmf-dist/tex/latex/appendix/appendix.sty
Package: appendix 2020/02/08 v1.2c extra appendix facilities
\c@@pps=\count325
\c@@ppsavesec=\count326
\c@@ppsaveapp=\count327
)
(/usr/local/texlive/2022/texmf-dist/tex/latex/tools/multicol.sty
Package: multicol 2021/10/28 v1.9b multicolumn formatting (FMi)
\c@tracingmulticols=\count328
\mult@box=\box72
\multicol@leftmargin=\dimen293
\c@unbalance=\count329
\c@collectmore=\count330
\doublecol@number=\count331
\multicoltolerance=\count332
\multicolpretolerance=\count333
\full@width=\dimen294
\page@free=\dimen295
\premulticols=\dimen296
\postmulticols=\dimen297
\multicolsep=\skip111
\multicolbaselineskip=\skip112
\partial@page=\box73
\last@line=\box74
\maxbalancingoverflow=\dimen298
\mult@rightbox=\box75
\mult@grightbox=\box76
\mult@firstbox=\box77
\mult@gfirstbox=\box78
\@tempa=\box79
\@tempa=\box80
\@tempa=\box81
\@tempa=\box82
\@tempa=\box83
\@tempa=\box84
\@tempa=\box85
\@tempa=\box86
\@tempa=\box87
\@tempa=\box88
\@tempa=\box89
\@tempa=\box90
\@tempa=\box91
\@tempa=\box92
\@tempa=\box93
\@tempa=\box94
\@tempa=\box95
\@tempa=\box96
\@tempa=\box97
\@tempa=\box98
\@tempa=\box99
\@tempa=\box100
\@tempa=\box101
\@tempa=\box102
\@tempa=\box103
\@tempa=\box104
\@tempa=\box105
\@tempa=\box106
\@tempa=\box107
\@tempa=\box108
\@tempa=\box109
\@tempa=\box110
\@tempa=\box111
\@tempa=\box112
\@tempa=\box113
\@tempa=\box114
\c@minrows=\count334
\c@columnbadness=\count335
\c@finalcolumnbadness=\count336
\last@try=\dimen299
\multicolovershoot=\dimen300
\multicolundershoot=\dimen301
\mult@nat@firstbox=\box115
\colbreak@box=\box116
\mc@col@check@num=\count337
)
(/usr/local/texlive/2022/texmf-dist/tex/latex/multirow/multirow.sty
Package: multirow 2021/03/15 v2.8 Span multiple rows of a table
\multirow@colwidth=\skip113
\multirow@cntb=\count338
\multirow@dima=\skip114
\bigstrutjot=\dimen302
)
(/usr/local/texlive/2022/texmf-dist/tex/latex/biblatex/biblatex.sty
Package: biblatex 2022/02/02 v3.17 programmable bibliographies (PK/MW)

(/usr/local/texlive/2022/texmf-dist/tex/latex/etoolbox/etoolbox.sty
Package: etoolbox 2020/10/05 v2.5k e-TeX tools for LaTeX (JAW)
\etb@tempcnta=\count339
)
(/usr/local/texlive/2022/texmf-dist/tex/latex/logreq/logreq.sty
Package: logreq 2010/08/04 v1.0 xml request logger
\lrq@indent=\count340

(/usr/local/texlive/2022/texmf-dist/tex/latex/logreq/logreq.def
File: logreq.def 2010/08/04 v1.0 logreq spec v1.0
))
\c@tabx@nest=\count341
\c@listtotal=\count342
\c@listcount=\count343
\c@liststart=\count344
\c@liststop=\count345
\c@citecount=\count346
\c@citetotal=\count347
\c@multicitecount=\count348
\c@multicitetotal=\count349
\c@instcount=\count350
\c@maxnames=\count351
\c@minnames=\count352
\c@maxitems=\count353
\c@minitems=\count354
\c@citecounter=\count355
\c@maxcitecounter=\count356
\c@savedcitecounter=\count357
\c@uniquelist=\count358
\c@uniquename=\count359
\c@refsection=\count360
\c@refsegment=\count361
\c@maxextratitle=\count362
\c@maxextratitleyear=\count363
\c@maxextraname=\count364
\c@maxextradate=\count365
\c@maxextraalpha=\count366
\c@abbrvpenalty=\count367
\c@highnamepenalty=\count368
\c@lownamepenalty=\count369
\c@maxparens=\count370
\c@parenlevel=\count371
\blx@tempcnta=\count372
\blx@tempcntb=\count373
\blx@tempcntc=\count374
\c@blx@maxsection=\count375
\c@blx@maxsegment@0=\count376
\blx@notetype=\count377
\blx@parenlevel@text=\count378
\blx@parenlevel@foot=\count379
\c@blx@sectionciteorder@0=\count380
\blx@entrysetcounter=\count381
\blx@biblioinstance=\count382
\labelnumberwidth=\skip115
\labelalphawidth=\skip116
\biblabelsep=\skip117
\bibitemsep=\skip118
\bibnamesep=\skip119
\bibinitsep=\skip120
\bibparsep=\skip121
\bibhang=\skip122
\blx@bcfin=\read2
\blx@bcfout=\write3
\blx@langwohyphens=\language87
\c@mincomprange=\count383
\c@maxcomprange=\count384
\c@mincompwidth=\count385
Package biblatex Info: Trying to load biblatex default data model...
Package biblatex Info: ... file 'blx-dm.def' found.

(/usr/local/texlive/2022/texmf-dist/tex/latex/biblatex/blx-dm.def
File: blx-dm.def 2022/02/02 v3.17 biblatex localization (PK/MW)
)
Package biblatex Info: Trying to load biblatex style data model...
Package biblatex Info: ... file 'numeric-comp.dbx' not found.
Package biblatex Info: Trying to load biblatex custom data model...
Package biblatex Info: ... file 'biblatex-dm.cfg' not found.
\c@afterword=\count386
\c@savedafterword=\count387
\c@annotator=\count388
\c@savedannotator=\count389
\c@author=\count390
\c@savedauthor=\count391
\c@bookauthor=\count392
\c@savedbookauthor=\count393
\c@commentator=\count394
\c@savedcommentator=\count395
\c@editor=\count396
\c@savededitor=\count397
\c@editora=\count398
\c@savededitora=\count399
\c@editorb=\count400
\c@savededitorb=\count401
\c@editorc=\count402
\c@savededitorc=\count403
\c@foreword=\count404
\c@savedforeword=\count405
\c@holder=\count406
\c@savedholder=\count407
\c@introduction=\count408
\c@savedintroduction=\count409
\c@namea=\count410
\c@savednamea=\count411
\c@nameb=\count412
\c@savednameb=\count413
\c@namec=\count414
\c@savednamec=\count415
\c@translator=\count416
\c@savedtranslator=\count417
\c@shortauthor=\count418
\c@savedshortauthor=\count419
\c@shorteditor=\count420
\c@savedshorteditor=\count421
\c@labelname=\count422
\c@savedlabelname=\count423
\c@institution=\count424
\c@savedinstitution=\count425
\c@lista=\count426
\c@savedlista=\count427
\c@listb=\count428
\c@savedlistb=\count429
\c@listc=\count430
\c@savedlistc=\count431
\c@listd=\count432
\c@savedlistd=\count433
\c@liste=\count434
\c@savedliste=\count435
\c@listf=\count436
\c@savedlistf=\count437
\c@location=\count438
\c@savedlocation=\count439
\c@organization=\count440
\c@savedorganization=\count441
\c@origlocation=\count442
\c@savedoriglocation=\count443
\c@origpublisher=\count444
\c@savedorigpublisher=\count445
\c@publisher=\count446
\c@savedpublisher=\count447
\c@language=\count448
\c@savedlanguage=\count449
\c@origlanguage=\count450
\c@savedoriglanguage=\count451
\c@pageref=\count452
\c@savedpageref=\count453
\shorthandwidth=\skip123
\shortjournalwidth=\skip124
\shortserieswidth=\skip125
\shorttitlewidth=\skip126
\shortauthorwidth=\skip127
\shorteditorwidth=\skip128
\locallabelnumberwidth=\skip129
\locallabelalphawidth=\skip130
\localshorthandwidth=\skip131
\localshortjournalwidth=\skip132
\localshortserieswidth=\skip133
\localshorttitlewidth=\skip134
\localshortauthorwidth=\skip135
\localshorteditorwidth=\skip136
Package biblatex Info: Trying to load compatibility code...
Package biblatex Info: ... file 'blx-compat.def' found.

(/usr/local/texlive/2022/texmf-dist/tex/latex/biblatex/blx-compat.def
File: blx-compat.def 2022/02/02 v3.17 biblatex compatibility (PK/MW)
)
Package biblatex Info: Trying to load BibTeX backend compatibility...
Package biblatex Info: ... file 'blx-bibtex.def' found.

(/usr/local/texlive/2022/texmf-dist/tex/latex/biblatex/blx-bibtex.def
File: blx-bibtex.def 2022/02/02 v3.17 biblatex compatibility (PK/MW)


Package biblatex Warning: Using fall-back BibTeX(8) backend:
(biblatex)                functionality may be reduced/unavailable.

)
Package biblatex Info: Trying to load generic definitions...
Package biblatex Info: ... file 'biblatex.def' found.
 (/usr/local/texlive/2022/texmf-dist/tex/latex/biblatex/biblatex.def
File: biblatex.def 2022/02/02 v3.17 biblatex compatibility (PK/MW)
\c@textcitecount=\count454
\c@textcitetotal=\count455
\c@textcitemaxnames=\count456
\c@biburlbigbreakpenalty=\count457
\c@biburlbreakpenalty=\count458
\c@biburlnumpenalty=\count459
\c@biburlucpenalty=\count460
\c@biburllcpenalty=\count461
\biburlbigskip=\muskip18
\biburlnumskip=\muskip19
\biburlucskip=\muskip20
\biburllcskip=\muskip21
\c@smartand=\count462
)
Package biblatex Info: Trying to load natbib compatibility...
Package biblatex Info: ... file 'blx-natbib.def' found.

(/usr/local/texlive/2022/texmf-dist/tex/latex/biblatex/blx-natbib.def
File: blx-natbib.def 2022/02/02 v3.17 biblatex compatibility (PK/MW)
Package biblatex Info: Delimiter 'nameyeardelim' in context '' already defined,
 overwriting.
)
Package biblatex Info: Trying to load bibliography style 'numeric-comp'...
Package biblatex Info: ... file 'numeric-comp.bbx' found.

(/usr/local/texlive/2022/texmf-dist/tex/latex/biblatex/bbx/numeric-comp.bbx
File: numeric-comp.bbx 2022/02/02 v3.17 biblatex bibliography style (PK/MW)
Package biblatex Info: Trying to load bibliography style 'numeric'...
Package biblatex Info: ... file 'numeric.bbx' found.

(/usr/local/texlive/2022/texmf-dist/tex/latex/biblatex/bbx/numeric.bbx
File: numeric.bbx 2022/02/02 v3.17 biblatex bibliography style (PK/MW)
Package biblatex Info: Trying to load bibliography style 'standard'...
Package biblatex Info: ... file 'standard.bbx' found.

(/usr/local/texlive/2022/texmf-dist/tex/latex/biblatex/bbx/standard.bbx
File: standard.bbx 2022/02/02 v3.17 biblatex bibliography style (PK/MW)
\c@bbx:relatedcount=\count463
\c@bbx:relatedtotal=\count464
)))
Package biblatex Info: Trying to load citation style 'numeric-comp'...
Package biblatex Info: ... file 'numeric-comp.cbx' found.

(/usr/local/texlive/2022/texmf-dist/tex/latex/biblatex/cbx/numeric-comp.cbx
File: numeric-comp.cbx 2022/02/02 v3.17 biblatex citation style (PK/MW)
\c@cbx@tempcnta=\count465
\c@cbx@tempcntb=\count466
\c@cbx@tempcntc=\count467
\c@cbx@tempcntd=\count468
Package biblatex Info: Redefining '\cite'.
Package biblatex Info: Redefining '\parencite'.
Package biblatex Info: Redefining '\footcite'.
Package biblatex Info: Redefining '\footcitetext'.
Package biblatex Info: Redefining '\smartcite'.
Package biblatex Info: Redefining '\supercite'.
Package biblatex Info: Redefining '\textcite'.
Package biblatex Info: Redefining '\textcites'.
Package biblatex Info: Redefining '\cites'.
Package biblatex Info: Redefining '\parencites'.
Package biblatex Info: Redefining '\smartcites'.
)
Package biblatex Info: Trying to load configuration file...
Package biblatex Info: ... file 'biblatex.cfg' found.

(/usr/local/texlive/2022/texmf-dist/tex/latex/biblatex/biblatex.cfg
File: biblatex.cfg 
)
Package biblatex Info: No input encoding detected.
(biblatex)             Assuming 'ascii'.
Package biblatex Info: Document encoding not detected as UTF8.
(biblatex)             Setting 'casechanger=latex2e'.

(/usr/local/texlive/2022/texmf-dist/tex/latex/biblatex/blx-case-latex2e.sty
Package: blx-case-latex2e 2022/02/02 v3.17 biblatex compatibility (PK/MW)
))
(/usr/local/texlive/2022/texmf-dist/tex/latex/subfiles/subfiles.sty
Package: subfiles 2020/11/14 v2.2 Multi-file projects (package)

(/usr/local/texlive/2022/texmf-dist/tex/latex/import/import.sty
Package: import 2020/04/01  v 6.2
))
(/usr/local/texlive/2022/texmf-dist/tex/latex/tools/bm.sty
Package: bm 2021/04/25 v1.2e Bold Symbol Support (DPC/FMi)
\symboldoperators=\mathgroup6
\symboldletters=\mathgroup7
\symboldsymbols=\mathgroup8
Package bm Info: No bold for \OMX/cmex/m/n, using \pmb.
Package bm Info: No bold for \U/msa/m/n, using \pmb.
Package bm Info: No bold for \U/msb/m/n, using \pmb.
LaTeX Font Info:    Redeclaring math alphabet \mathbf on input line 149.
) (./thesis-defs.sty)
\@quotelevel=\count469
\@quotereset=\count470
(/usr/local/texlive/2022/texmf-dist/tex/latex/l3backend/l3backend-pdftex.def
File: l3backend-pdftex.def 2022-02-07 L3 backend support: PDF output (pdfTeX)
\l__color_backend_stack_int=\count471
\l__pdf_internal_box=\box117
)
(./thesis.aux

LaTeX Warning: Label `fig:a' multiply defined.


LaTeX Warning: Label `sub@fig:a' multiply defined.


LaTeX Warning: Label `fig:b' multiply defined.


LaTeX Warning: Label `sub@fig:b' multiply defined.


LaTeX Warning: Label `fig:a' multiply defined.


LaTeX Warning: Label `sub@fig:a' multiply defined.


LaTeX Warning: Label `fig:b' multiply defined.


LaTeX Warning: Label `sub@fig:b' multiply defined.


LaTeX Warning: Label `fig:reco:electron_iso' multiply defined.

)
\openout1 = `thesis.aux'.

LaTeX Font Info:    Checking defaults for OML/cmm/m/it on input line 105.
LaTeX Font Info:    ... okay on input line 105.
LaTeX Font Info:    Checking defaults for OMS/cmsy/m/n on input line 105.
LaTeX Font Info:    ... okay on input line 105.
LaTeX Font Info:    Checking defaults for OT1/cmr/m/n on input line 105.
LaTeX Font Info:    ... okay on input line 105.
LaTeX Font Info:    Checking defaults for T1/cmr/m/n on input line 105.
LaTeX Font Info:    ... okay on input line 105.
LaTeX Font Info:    Checking defaults for TS1/cmr/m/n on input line 105.
LaTeX Font Info:    ... okay on input line 105.
LaTeX Font Info:    Checking defaults for OMX/cmex/m/n on input line 105.
LaTeX Font Info:    ... okay on input line 105.
LaTeX Font Info:    Checking defaults for U/cmr/m/n on input line 105.
LaTeX Font Info:    ... okay on input line 105.
LaTeX Font Info:    Checking defaults for PD1/pdf/m/n on input line 105.
LaTeX Font Info:    ... okay on input line 105.
LaTeX Font Info:    Checking defaults for PU/pdf/m/n on input line 105.
LaTeX Font Info:    ... okay on input line 105.

*geometry* driver: auto-detecting
*geometry* detected driver: pdftex
*geometry* verbose mode - [ preamble ] result:
* driver: pdftex
* paper: <default>
* layout: <same size as paper>
* layoutoffset:(h,v)=(0.0pt,0.0pt)
* modes: 
* h-part:(L,W,R)=(72.26999pt, 469.75502pt, 72.26999pt)
* v-part:(T,H,B)=(72.26999pt, 650.43001pt, 72.26999pt)
* \paperwidth=614.295pt
* \paperheight=794.96999pt
* \textwidth=469.75502pt
* \textheight=650.43001pt
* \oddsidemargin=0.0pt
* \evensidemargin=0.0pt
* \topmargin=-31.8738pt
* \headheight=12.0pt
* \headsep=19.8738pt
* \topskip=12.0pt
* \footskip=30.0pt
* \marginparwidth=47.0pt
* \marginparsep=7.0pt
* \columnsep=10.0pt
* \skip\footins=10.8pt plus 4.0pt minus 2.0pt
* \hoffset=0.0pt
* \voffset=0.0pt
* \mag=1000
* \@twocolumnfalse
* \@twosidefalse
* \@mparswitchfalse
* \@reversemarginfalse
* (1in=72.27pt=25.4mm, 1cm=28.453pt)

(/usr/local/texlive/2022/texmf-dist/tex/context/base/mkii/supp-pdf.mkii
[Loading MPS to PDF converter (version 2006.09.02).]
\scratchcounter=\count472
\scratchdimen=\dimen303
\scratchbox=\box118
\nofMPsegments=\count473
\nofMParguments=\count474
\everyMPshowfont=\toks38
\MPscratchCnt=\count475
\MPscratchDim=\dimen304
\MPnumerator=\count476
\makeMPintoPDFobject=\count477
\everyMPtoPDFconversion=\toks39
) (/usr/local/texlive/2022/texmf-dist/tex/latex/epstopdf-pkg/epstopdf-base.sty
Package: epstopdf-base 2020-01-24 v2.11 Base part for package epstopdf
Package epstopdf-base Info: Redefining graphics rule for `.eps' on input line 4
85.

(/usr/local/texlive/2022/texmf-dist/tex/latex/latexconfig/epstopdf-sys.cfg
File: epstopdf-sys.cfg 2010/07/13 v1.3 Configuration of (r)epstopdf for TeX Liv
e
))
Package caption Info: Begin \AtBeginDocument code.
Package caption Info: subfig package v1.3 is loaded.
Package caption Info: hyperref package is loaded.
Package caption Info: longtable package is loaded.

(/usr/local/texlive/2022/texmf-dist/tex/latex/caption/ltcaption.sty
Package: ltcaption 2021/01/08 v1.4c longtable captions (AR)
)
Package caption Info: End \AtBeginDocument code.
Package hyperref Info: Link coloring ON on input line 105.

(/usr/local/texlive/2022/texmf-dist/tex/latex/hyperref/nameref.sty
Package: nameref 2021-04-02 v2.47 Cross-referencing by name of section

(/usr/local/texlive/2022/texmf-dist/tex/latex/refcount/refcount.sty
Package: refcount 2019/12/15 v3.6 Data extraction from label references (HO)
)
(/usr/local/texlive/2022/texmf-dist/tex/generic/gettitlestring/gettitlestring.s
ty
Package: gettitlestring 2019/12/15 v1.6 Cleanup title references (HO)
)
\c@section@level=\count478
)
LaTeX Info: Redefining \ref on input line 105.
LaTeX Info: Redefining \pageref on input line 105.
LaTeX Info: Redefining \nameref on input line 105.
 (./thesis.out) (./thesis.out)
\@outlinefile=\write4
\openout4 = `thesis.out'.

Package biblatex Info: Trying to load language 'english'...
Package biblatex Info: ... file 'english.lbx' found.

(/usr/local/texlive/2022/texmf-dist/tex/latex/biblatex/lbx/english.lbx
File: english.lbx 2022/02/02 v3.17 biblatex localization (PK/MW)
)
Package biblatex Info: No input encoding detected.
(biblatex)             Assuming 'ascii'.
Package biblatex Info: Data encoding 'utf8' specified.
(biblatex)             Backend will reencode on the fly.
Package biblatex Info: No input encoding detected.
(biblatex)             Assuming 'ascii'.
Package biblatex Info: Data encoding 'utf8' specified.
(biblatex)             Backend will reencode on the fly.
\openout3 = `thesis-blx.bib'.

Package biblatex Info: Trying to load bibliographic data...
Package biblatex Info: ... file 'thesis.bbl' found.

(./thesis.bbl

Package biblatex Warning: BibTeX reported the following issues
(biblatex)                with 'ftag:ttbar':
(biblatex)                - Invalid format of field 'month'.

)
Package biblatex Info: Reference section=0 on input line 105.
Package biblatex Info: Reference segment=0 on input line 105.
LaTeX Font Info:    Trying to load font information for U+msa on input line 106
.
 (/usr/local/texlive/2022/texmf-dist/tex/latex/amsfonts/umsa.fd
File: umsa.fd 2013/01/14 v3.01 AMS symbols A
)
LaTeX Font Info:    Trying to load font information for U+msb on input line 106
.

(/usr/local/texlive/2022/texmf-dist/tex/latex/amsfonts/umsb.fd
File: umsb.fd 2013/01/14 v3.01 AMS symbols B
) [1


{/usr/local/texlive/2022/texmf-var/fonts/map/pdftex/updmap/pdftex.map}] [2] [3]
 [4]
(./thesis.toc [5


])
\tf@toc=\write5
\openout5 = `thesis.toc'.

 [6] (./thesis.lot)
\tf@lot=\write6
\openout6 = `thesis.lot'.

 [7



] (./thesis.lof)
\tf@lof=\write7
\openout7 = `thesis.lof'.

 [8



]

LaTeX Warning: Hyper reference `acro:chi2' on page ix undefined on input line 1
98.


LaTeX Warning: Hyper reference `acro:chi2' on page ix undefined on input line 1
98.


LaTeX Warning: Hyper reference `acro:dR' on page ix undefined on input line 199
.


LaTeX Warning: Hyper reference `acro:dR' on page ix undefined on input line 199
.


LaTeX Warning: Hyper reference `acro:eta' on page ix undefined on input line 20
0.


LaTeX Warning: Hyper reference `acro:eta' on page ix undefined on input line 20
0.


LaTeX Warning: Hyper reference `acro:ET' on page ix undefined on input line 201
.


LaTeX Warning: Hyper reference `acro:ET' on page ix undefined on input line 201
.


LaTeX Warning: Hyper reference `acro:ETmiss' on page ix undefined on input line
 202.


LaTeX Warning: Hyper reference `acro:ETmiss' on page ix undefined on input line
 202.


LaTeX Warning: Hyper reference `acro:higgsobl' on page ix undefined on input li
ne 203.


LaTeX Warning: Hyper reference `acro:higgsobl' on page ix undefined on input li
ne 203.


LaTeX Warning: Hyper reference `acro:isospin' on page ix undefined on input lin
e 204.


LaTeX Warning: Hyper reference `acro:isospin' on page ix undefined on input lin
e 204.


LaTeX Warning: Hyper reference `acro:lumi' on page ix undefined on input line 2
05.


LaTeX Warning: Hyper reference `acro:lumi' on page ix undefined on input line 2
05.


LaTeX Warning: Hyper reference `acro:mu' on page ix undefined on input line 206
.


LaTeX Warning: Hyper reference `acro:mu' on page ix undefined on input line 206
.


LaTeX Warning: Hyper reference `acro:pT' on page ix undefined on input line 207
.


LaTeX Warning: Hyper reference `acro:pT' on page ix undefined on input line 207
.


LaTeX Warning: Hyper reference `acro:b' on page ix undefined on input line 211.



LaTeX Warning: Hyper reference `acro:b' on page ix undefined on input line 211.



LaTeX Warning: Hyper reference `acro:pp' on page ix undefined on input line 212
.


LaTeX Warning: Hyper reference `acro:pp' on page ix undefined on input line 212
.


LaTeX Warning: Hyper reference `acro:ttbar' on page ix undefined on input line 
213.


LaTeX Warning: Hyper reference `acro:ttbar' on page ix undefined on input line 
213.


LaTeX Warning: Hyper reference `acro:tttt' on page ix undefined on input line 2
14.


LaTeX Warning: Hyper reference `acro:tttt' on page ix undefined on input line 2
14.


LaTeX Warning: Hyper reference `acro:tW' on page ix undefined on input line 215
.


LaTeX Warning: Hyper reference `acro:tW' on page ix undefined on input line 215
.


LaTeX Warning: Hyper reference `acro:1LOS' on page ix undefined on input line 2
19.


LaTeX Warning: Hyper reference `acro:1LOS' on page ix undefined on input line 2
19.


LaTeX Warning: Hyper reference `acro:ATLAS' on page ix undefined on input line 
220.


LaTeX Warning: Hyper reference `acro:ATLAS' on page ix undefined on input line 
220.


LaTeX Warning: Hyper reference `acro:BDT' on page ix undefined on input line 22
1.


LaTeX Warning: Hyper reference `acro:BDT' on page ix undefined on input line 22
1.


LaTeX Warning: Hyper reference `acro:BSM' on page ix undefined on input line 22
2.


LaTeX Warning: Hyper reference `acro:BSM' on page ix undefined on input line 22
2.


LaTeX Warning: Hyper reference `acro:CERN' on page ix undefined on input line 2
23.


LaTeX Warning: Hyper reference `acro:CERN' on page ix undefined on input line 2
23.


LaTeX Warning: Hyper reference `acro:CMS' on page ix undefined on input line 22
4.


LaTeX Warning: Hyper reference `acro:CMS' on page ix undefined on input line 22
4.


LaTeX Warning: Hyper reference `acro:CR' on page ix undefined on input line 225
.


LaTeX Warning: Hyper reference `acro:CR' on page ix undefined on input line 225
.


LaTeX Warning: Hyper reference `acro:ECIDS' on page ix undefined on input line 
226.


LaTeX Warning: Hyper reference `acro:ECIDS' on page ix undefined on input line 
226.


LaTeX Warning: Hyper reference `acro:GNN' on page ix undefined on input line 22
7.


LaTeX Warning: Hyper reference `acro:GNN' on page ix undefined on input line 22
7.


LaTeX Warning: Hyper reference `acro:HLT' on page ix undefined on input line 22
8.


LaTeX Warning: Hyper reference `acro:HLT' on page ix undefined on input line 22
8.


LaTeX Warning: Hyper reference `acro:ID' on page ix undefined on input line 229
.


LaTeX Warning: Hyper reference `acro:ID' on page ix undefined on input line 229
.

[9


]

LaTeX Warning: Hyper reference `acro:JER' on page x undefined on input line 230
.


LaTeX Warning: Hyper reference `acro:JER' on page x undefined on input line 230
.


LaTeX Warning: Hyper reference `acro:JES' on page x undefined on input line 231
.


LaTeX Warning: Hyper reference `acro:JES' on page x undefined on input line 231
.


LaTeX Warning: Hyper reference `acro:JVT' on page x undefined on input line 232
.


LaTeX Warning: Hyper reference `acro:JVT' on page x undefined on input line 232
.


LaTeX Warning: Hyper reference `acro:L1' on page x undefined on input line 233.



LaTeX Warning: Hyper reference `acro:L1' on page x undefined on input line 233.



LaTeX Warning: Hyper reference `acro:LH' on page x undefined on input line 234.



LaTeX Warning: Hyper reference `acro:LH' on page x undefined on input line 234.



LaTeX Warning: Hyper reference `acro:LLH' on page x undefined on input line 235
.


LaTeX Warning: Hyper reference `acro:LLH' on page x undefined on input line 235
.


LaTeX Warning: Hyper reference `acro:LO' on page x undefined on input line 236.



LaTeX Warning: Hyper reference `acro:LO' on page x undefined on input line 236.



LaTeX Warning: Hyper reference `acro:LAr' on page x undefined on input line 237
.


LaTeX Warning: Hyper reference `acro:LAr' on page x undefined on input line 237
.


LaTeX Warning: Hyper reference `acro:LHC' on page x undefined on input line 238
.


LaTeX Warning: Hyper reference `acro:LHC' on page x undefined on input line 238
.


LaTeX Warning: Hyper reference `acro:MET' on page x undefined on input line 239
.


LaTeX Warning: Hyper reference `acro:MET' on page x undefined on input line 239
.


LaTeX Warning: Hyper reference `acro:NF' on page x undefined on input line 240.



LaTeX Warning: Hyper reference `acro:NF' on page x undefined on input line 240.



LaTeX Warning: Hyper reference `acro:NLO' on page x undefined on input line 241
.


LaTeX Warning: Hyper reference `acro:NLO' on page x undefined on input line 241
.


LaTeX Warning: Hyper reference `acro:NNLO' on page x undefined on input line 24
2.


LaTeX Warning: Hyper reference `acro:NNLO' on page x undefined on input line 24
2.


LaTeX Warning: Hyper reference `acro:NP' on page x undefined on input line 243.



LaTeX Warning: Hyper reference `acro:NP' on page x undefined on input line 243.



LaTeX Warning: Hyper reference `acro:OP' on page x undefined on input line 244.



LaTeX Warning: Hyper reference `acro:OP' on page x undefined on input line 244.



LaTeX Warning: Hyper reference `acro:PS' on page x undefined on input line 245.



LaTeX Warning: Hyper reference `acro:PS' on page x undefined on input line 245.



LaTeX Warning: Hyper reference `acro:PDF' on page x undefined on input line 246
.


LaTeX Warning: Hyper reference `acro:PDF' on page x undefined on input line 246
.


LaTeX Warning: Hyper reference `acro:PCBT' on page x undefined on input line 24
7.


LaTeX Warning: Hyper reference `acro:PCBT' on page x undefined on input line 24
7.


LaTeX Warning: Hyper reference `acro:QED' on page x undefined on input line 248
.


LaTeX Warning: Hyper reference `acro:QED' on page x undefined on input line 248
.


LaTeX Warning: Hyper reference `acro:QCD' on page x undefined on input line 249
.


LaTeX Warning: Hyper reference `acro:QCD' on page x undefined on input line 249
.


LaTeX Warning: Hyper reference `acro:QFT' on page x undefined on input line 250
.


LaTeX Warning: Hyper reference `acro:QFT' on page x undefined on input line 250
.


LaTeX Warning: Hyper reference `acro:QmisID' on page x undefined on input line 
251.


LaTeX Warning: Hyper reference `acro:QmisID' on page x undefined on input line 
251.


LaTeX Warning: Hyper reference `acro:SF' on page x undefined on input line 252.



LaTeX Warning: Hyper reference `acro:SF' on page x undefined on input line 252.



LaTeX Warning: Hyper reference `acro:SM' on page x undefined on input line 253.



LaTeX Warning: Hyper reference `acro:SM' on page x undefined on input line 253.



LaTeX Warning: Hyper reference `acro:SR' on page x undefined on input line 254.



LaTeX Warning: Hyper reference `acro:SR' on page x undefined on input line 254.



LaTeX Warning: Hyper reference `acro:SSML' on page x undefined on input line 25
5.


LaTeX Warning: Hyper reference `acro:SSML' on page x undefined on input line 25
5.

[10]

LaTeX Warning: Hyper reference `acro:TDAQ' on page xi undefined on input line 2
56.


LaTeX Warning: Hyper reference `acro:TDAQ' on page xi undefined on input line 2
56.

[11]

LaTeX Font Warning: Font shape `OT1/cmr/bx/n' in size <22> not available
(Font)              size <20.74> substituted on input line 282.


pdfTeX warning (ext4): destination with the same identifier (name{page.1}) has 
been already used, duplicate ignored
<to be read again> 
                   \relax 
l.305 \chapter
              {Introduction} [1

]
Chapter 1.
(./chapters/chapter-1.tex) [2

]
Chapter 2.
(./chapters/chapter-2.tex [3

]
Missing character: There is no Ã in font cmr12!
Missing character: There is no © in font cmr12!
Missing character: There is no Ã in font cmr12!
Missing character: There is no © in font cmr12!
[4] [5] [6]) [7]
Chapter 3.
(./chapters/chapter-3.tex
Underfull \hbox (badness 10000) in paragraph at lines 21--29

 []

[8

] [9] [10]
Underfull \hbox (badness 10000) in paragraph at lines 93--95

 []

[11]
Underfull \hbox (badness 6859) in paragraph at lines 100--101
[]\OT1/cmr/m/n/12 end-cap di-vided into outer wheel
 []


Underfull \hbox (badness 6526) in paragraph at lines 113--114
[]\OT1/cmr/m/n/12 tile calorime-ters: steel-plastic
 []

[12] [13] [14]
Underfull \hbox (badness 10000) in paragraph at lines 181--183

 []

[15]) [16]
Chapter 4.
(./chapters/chapter-4.tex [17

]
Overfull \hbox (3.2514pt too wide) in paragraph at lines 86--86
[]|\OT1/cmr/m/sc/10.95 MadGraph5[]aMC@NLO| 
 []


Overfull \hbox (1.42474pt too wide) in paragraph at lines 86--86
[]|\OT1/cmr/m/sc/10.95 Pythia8| 
 []


Overfull \hbox (3.2514pt too wide) in paragraph at lines 86--86
[]|\OT1/cmr/m/sc/10.95 MadGraph5[]aMC@NLO| 
 []


Overfull \hbox (1.42474pt too wide) in paragraph at lines 86--86
[]|\OT1/cmr/m/sc/10.95 Pythia8| 
 []


Overfull \hbox (3.2514pt too wide) in paragraph at lines 86--86
[]|\OT1/cmr/m/sc/10.95 MadGraph5[]aMC@NLO| 
 []


Overfull \hbox (1.42474pt too wide) in paragraph at lines 86--86
[]|\OT1/cmr/m/sc/10.95 Pythia8| 
 []


Overfull \hbox (3.2514pt too wide) in paragraph at lines 86--86
[]|\OT1/cmr/m/sc/10.95 MadGraph5[]aMC@NLO| 
 []


Overfull \hbox (3.49306pt too wide) in paragraph at lines 86--86
[]|\OT1/cmr/m/sc/10.95 Herwig7| 
 []


Underfull \hbox (badness 10000) in paragraph at lines 86--86
[]|\OT1/cmr/m/n/10.95 H7-UE-
 []


Overfull \hbox (3.49306pt too wide) in paragraph at lines 86--86
[]|\OT1/cmr/m/sc/10.95 Herwig7| 
 []


Overfull \hbox (3.2514pt too wide) in paragraph at lines 86--86
[]|\OT1/cmr/m/sc/10.95 MadGraph5[]aMC@NLO| 
 []


Overfull \hbox (1.42474pt too wide) in paragraph at lines 86--86
[]|\OT1/cmr/m/sc/10.95 Pythia8| 
 []


Overfull \hbox (1.42474pt too wide) in paragraph at lines 86--86
[]|\OT1/cmr/m/sc/10.95 Pythia8| 
 []


Overfull \hbox (3.49306pt too wide) in paragraph at lines 86--86
[]|\OT1/cmr/m/sc/10.95 Herwig7| 
 []


Underfull \hbox (badness 10000) in paragraph at lines 86--86
[]|\OT1/cmr/m/n/10.95 H7.2-
 []


Overfull \hbox (3.2514pt too wide) in paragraph at lines 86--86
[]|\OT1/cmr/m/sc/10.95 MadGraph5[]aMC@NLO| 
 []


Overfull \hbox (1.42474pt too wide) in paragraph at lines 86--86
[]|\OT1/cmr/m/sc/10.95 Pythia8| 
 []


Overfull \hbox (1.42474pt too wide) in paragraph at lines 86--86
[]|\OT1/cmr/m/sc/10.95 Pythia8| 
 []


Overfull \hbox (1.42474pt too wide) in paragraph at lines 86--86
[]|\OT1/cmr/m/sc/10.95 Pythia8| 
 []


Overfull \hbox (1.42474pt too wide) in paragraph at lines 86--86
[]|\OT1/cmr/m/sc/10.95 Pythia8| 
 []


Overfull \hbox (3.2514pt too wide) in paragraph at lines 86--86
[]|\OT1/cmr/m/sc/10.95 MadGraph5[]aMC@NLO| 
 []


Overfull \hbox (1.42474pt too wide) in paragraph at lines 86--86
[]|\OT1/cmr/m/sc/10.95 Pythia8| 
 []


Overfull \hbox (3.2514pt too wide) in paragraph at lines 86--86
[]|\OT1/cmr/m/sc/10.95 MadGraph5[]aMC@NLO| 
 []


Overfull \hbox (1.42474pt too wide) in paragraph at lines 86--86
[]|\OT1/cmr/m/sc/10.95 Pythia8| 
 []


Overfull \hbox (3.2514pt too wide) in paragraph at lines 86--86
[]|\OT1/cmr/m/sc/10.95 MadGraph5[]aMC@NLO
 []


Overfull \hbox (1.42474pt too wide) in paragraph at lines 86--86
[]|\OT1/cmr/m/sc/10.95 Pythia8| 
 []


Overfull \hbox (1.42474pt too wide) in paragraph at lines 86--86
[]|\OT1/cmr/m/sc/10.95 Pythia8| 
 []


Overfull \hbox (1.42474pt too wide) in paragraph at lines 86--86
[]|\OT1/cmr/m/sc/10.95 Pythia8| 
 []


Overfull \hbox (1.42474pt too wide) in paragraph at lines 86--86
[]|\OT1/cmr/m/sc/10.95 Pythia8| 
 []


Overfull \hbox (1.42474pt too wide) in paragraph at lines 86--86
[]|\OT1/cmr/m/sc/10.95 Pythia8| 
 []


Overfull \hbox (1.42474pt too wide) in paragraph at lines 86--86
[]|\OT1/cmr/m/sc/10.95 Pythia8| 
 []

) [18] [19]
Chapter 5.
(./chapters/chapter-5.tex
<fig/reco_topo1.png, id=602, 438.63875pt x 335.2525pt>
File: fig/reco_topo1.png Graphic file (type png)
<use fig/reco_topo1.png>
Package pdftex.def Info: fig/reco_topo1.png  used on input line 24.
(pdftex.def)             Requested size: 469.75502pt x 359.04402pt.
 [20

]
Underfull \hbox (badness 10000) in paragraph at lines 30--33

 []

[21 <./fig/reco_topo1.png>]
Underfull \hbox (badness 10000) in paragraph at lines 35--42

 []


Underfull \hbox (badness 10000) in paragraph at lines 48--52

 []

[22] [23]
Underfull \hbox (badness 10000) in paragraph at lines 85--99

 []


Underfull \hbox (badness 10000) in paragraph at lines 85--99

 []


Underfull \hbox (badness 10000) in paragraph at lines 85--99

 []

[24] [25]
<fig/ftag_gn2.png, id=653, 1069.9975pt x 284.06125pt>
File: fig/ftag_gn2.png Graphic file (type png)
<use fig/ftag_gn2.png>
Package pdftex.def Info: fig/ftag_gn2.png  used on input line 107.
(pdftex.def)             Requested size: 469.75502pt x 124.70992pt.
 [26 <./fig/ftag_gn2.png>]
<fig/reco_electron.png, id=672, 770.88pt x 405.515pt>
File: fig/reco_electron.png Graphic file (type png)
<use fig/reco_electron.png>
Package pdftex.def Info: fig/reco_electron.png  used on input line 129.
(pdftex.def)             Requested size: 469.75502pt x 247.11008pt.
 [27]
<fig/reco_electron_eff_ET.png, id=681, 435.6275pt x 432.61626pt>
File: fig/reco_electron_eff_ET.png Graphic file (type png)
<use fig/reco_electron_eff_ET.png>
Package pdftex.def Info: fig/reco_electron_eff_ET.png  used on input line 145.
(pdftex.def)             Requested size: 234.8775pt x 233.25284pt.
<fig/reco_electron_eff_eta.png, id=682, 435.6275pt x 432.61626pt>
File: fig/reco_electron_eff_eta.png Graphic file (type png)
<use fig/reco_electron_eff_eta.png>
Package pdftex.def Info: fig/reco_electron_eff_eta.png  used on input line 147.

(pdftex.def)             Requested size: 234.8775pt x 233.25284pt.

Overfull \hbox (7.83324pt too wide) in paragraph at lines 145--148
 [][][][] 
 []

[28 <./fig/reco_electron.png>]
Overfull \hbox (1.98268pt too wide) in paragraph at lines 153--158
\OT1/cmr/m/n/12 topo-log-i-cal clus-ters with barycen-ters falling within a con
e of ra-dius $^^A\OML/cmm/m/it/12 R \OT1/cmr/m/n/12 = [] =
 []

[29 <./fig/reco_electron_eff_ET.png> <./fig/reco_electron_eff_eta.png>]
<fig/reco_electron_iso_ET.png, id=698, 447.6725pt x 441.65pt>
File: fig/reco_electron_iso_ET.png Graphic file (type png)
<use fig/reco_electron_iso_ET.png>
Package pdftex.def Info: fig/reco_electron_iso_ET.png  used on input line 166.
(pdftex.def)             Requested size: 234.8775pt x 231.72145pt.
<fig/reco_electron_iso_eta.png, id=699, 447.6725pt x 441.65pt>
File: fig/reco_electron_iso_eta.png Graphic file (type png)
<use fig/reco_electron_iso_eta.png>
Package pdftex.def Info: fig/reco_electron_iso_eta.png  used on input line 168.

(pdftex.def)             Requested size: 234.8775pt x 231.72145pt.

Overfull \hbox (7.83324pt too wide) in paragraph at lines 166--169
 [][][][] 
 []

<fig/reco_qmisid_ET.png, id=705, 586.19pt x 567.11874pt>
File: fig/reco_qmisid_ET.png Graphic file (type png)
<use fig/reco_qmisid_ET.png>
Package pdftex.def Info: fig/reco_qmisid_ET.png  used on input line 180.
(pdftex.def)             Requested size: 234.8775pt x 227.23288pt.
<fig/reco_qmisid_eta.png, id=706, 586.19pt x 567.11874pt>
File: fig/reco_qmisid_eta.png Graphic file (type png)
<use fig/reco_qmisid_eta.png>
Package pdftex.def Info: fig/reco_qmisid_eta.png  used on input line 182.
(pdftex.def)             Requested size: 234.8775pt x 227.23288pt.

Overfull \hbox (7.83324pt too wide) in paragraph at lines 180--183
 [][][][] 
 []

[30] [31 <./fig/reco_electron_iso_ET.png> <./fig/reco_electron_iso_eta.png>]
[32 <./fig/reco_qmisid_ET.png> <./fig/reco_qmisid_eta.png>]
Underfull \hbox (badness 10000) in paragraph at lines 199--202

 []

[33]
<fig/reco_muon_ID.png, id=739, 632.3625pt x 457.71pt>
File: fig/reco_muon_ID.png Graphic file (type png)
<use fig/reco_muon_ID.png>
Package pdftex.def Info: fig/reco_muon_ID.png  used on input line 205.
(pdftex.def)             Requested size: 422.77664pt x 306.01459pt.
 [34 <./fig/reco_muon_ID.png>] [35]) [36]
Chapter 6.
(./chapters/chapter-7.tex
Overfull \hbox (7.11768pt too wide) in paragraph at lines 13--14
[]\OT1/cmr/bx/n/12 Calorimeter clean-ing\OT1/cmr/m/n/12 : events con-tain-ing s
ig-nal hits in-di-cat-ing an er-ror in the calorime-
 []

[37

]
Underfull \hbox (badness 10000) in paragraph at lines 63--64

 []

[38]
Underfull \hbox (badness 10000) in paragraph at lines 65--66

 []

[39] [40] [41]
Underfull \hbox (badness 10000) in paragraph at lines 143--144

 []

[42]
Underfull \hbox (badness 10000) in paragraph at lines 169--173

 []


Underfull \hbox (badness 10000) in paragraph at lines 192--193

 []

[43]
Overfull \hbox (15.04866pt too wide) in paragraph at lines 194--197
\OT1/cmr/m/n/12 con-ver-sion can-di-date and nei-ther as with a ma-te-rial con-
ver-sion can-di-date ($[][] =
 []

[44] [45] [46] [47] [48]
Overfull \hbox (16.28302pt too wide) detected at line 320
[]
 []

[49] [50]
Overfull \hbox (2.38562pt too wide) in paragraph at lines 348--353
\OT1/cmr/m/n/12 same for both pro-cesses, $[][]$ can be fur-ther split into $[]
[]$ and $[][]$.
 []


Underfull \hbox (badness 10000) in paragraph at lines 362--365

 []

[51]) [52]
Chapter 7.
(./chapters/chapter-8.tex
Underfull \hbox (badness 10000) in paragraph at lines 15--18

 []

[53

]
Underfull \hbox (badness 10000) in paragraph at lines 20--21

 []


Overfull \hbox (11.55943pt too wide) in paragraph at lines 25--26
[]$\OML/cmm/m/it/12 ^^Q$ \OT1/cmr/m/n/12 in-ter-cal-i-bra-tion: 6 to-tal com-po
-nents (1 modeling-related, 4 non-closure and 1 statistical-
 []

[54] [55]) [56]

LaTeX Warning: Text page 57 contains only floats.


Overfull \vbox (3.37482pt too high) has occurred while \output is active []


[57] [58]
Chapter 8.
(./chapters/chapter-9.tex) [59

]
Chapter 9.
(./chapters/chapter-10.tex) [60

] [61

] [62] [63]
Missing character: There is no Ï in font cmti12!
Missing character: There is no  in font cmti12!
[64]
Missing character: There is no Ã in font cmr12!
Missing character: There is no ¼ in font cmr12!
[65] [66] (./thesis.aux)

LaTeX Font Warning: Size substitutions with differences
(Font)              up to 1.26pt have occurred.


LaTeX Warning: There were undefined references.


LaTeX Warning: There were multiply-defined labels.

Package rerunfilecheck Info: File `thesis.out' has not changed.
(rerunfilecheck)             Checksum: 01DC38B3C09DE6CB0F1F70C6A46B0AD7;10924.
Package logreq Info: Writing requests to 'thesis.run.xml'.
\openout1 = `thesis.run.xml'.

 ) 
Here is how much of TeX's memory you used:
 25878 strings out of 478268
 446880 string characters out of 5846347
 1158697 words of memory out of 5000000
 43388 multiletter control sequences out of 15000+600000
 489891 words of font info for 103 fonts, out of 8000000 for 9000
 1141 hyphenation exceptions out of 8191
 85i,20n,90p,1865b,1865s stack positions out of 10000i,1000n,20000p,200000b,200000s
{/usr/local/texlive/2022/texmf-dist/fonts/enc/dvips/cm-super/cm-super-ts1.enc
}</usr/local/texlive/2022/texmf-dist/fonts/type1/public/amsfonts/cm/cmbx10.pfb>
</usr/local/texlive/2022/texmf-dist/fonts/type1/public/amsfonts/cm/cmbx12.pfb><
/usr/local/texlive/2022/texmf-dist/fonts/type1/public/amsfonts/cm/cmbx8.pfb></u
sr/local/texlive/2022/texmf-dist/fonts/type1/public/amsfonts/cm/cmcsc10.pfb></u
sr/local/texlive/2022/texmf-dist/fonts/type1/public/amsfonts/cm/cmex10.pfb></us
r/local/texlive/2022/texmf-dist/fonts/type1/public/amsfonts/cm/cmmi10.pfb></usr
/local/texlive/2022/texmf-dist/fonts/type1/public/amsfonts/cm/cmmi12.pfb></usr/
local/texlive/2022/texmf-dist/fonts/type1/public/amsfonts/cm/cmmi8.pfb></usr/lo
cal/texlive/2022/texmf-dist/fonts/type1/public/amsfonts/cm/cmr10.pfb></usr/loca
l/texlive/2022/texmf-dist/fonts/type1/public/amsfonts/cm/cmr12.pfb></usr/local/
texlive/2022/texmf-dist/fonts/type1/public/amsfonts/cm/cmr6.pfb></usr/local/tex
live/2022/texmf-dist/fonts/type1/public/amsfonts/cm/cmr8.pfb></usr/local/texliv
e/2022/texmf-dist/fonts/type1/public/amsfonts/cm/cmsy10.pfb></usr/local/texlive
/2022/texmf-dist/fonts/type1/public/amsfonts/cm/cmsy6.pfb></usr/local/texlive/2
022/texmf-dist/fonts/type1/public/amsfonts/cm/cmsy8.pfb></usr/local/texlive/202
2/texmf-dist/fonts/type1/public/amsfonts/cm/cmti10.pfb></usr/local/texlive/2022
/texmf-dist/fonts/type1/public/amsfonts/cm/cmti12.pfb></usr/local/texlive/2022/
texmf-dist/fonts/type1/public/amsfonts/cm/cmtt10.pfb></usr/local/texlive/2022/t
exmf-dist/fonts/type1/public/amsfonts/cm/cmtt12.pfb></usr/local/texlive/2022/te
xmf-dist/fonts/type1/public/amsfonts/symbols/msam10.pfb></usr/local/texlive/202
2/texmf-dist/fonts/type1/public/cm-super/sfrm0600.pfb></usr/local/texlive/2022/
texmf-dist/fonts/type1/public/cm-super/sfrm1200.pfb>
Output written on thesis.pdf (77 pages, 1308694 bytes).
PDF statistics:
 1209 PDF objects out of 1440 (max. 8388607)
 1046 compressed objects within 11 object streams
 279 named destinations out of 1000 (max. 500000)
 603 words of extra memory for PDF output out of 10000 (max. 10000000)

