\BOOKMARK [0][-]{chapter*.2}{\376\377\000L\000i\000s\000t\000\040\000o\000f\000\040\000T\000a\000b\000l\000e\000s}{}% 1
\BOOKMARK [0][-]{chapter*.3}{\376\377\000L\000i\000s\000t\000\040\000o\000f\000\040\000F\000i\000g\000u\000r\000e\000s}{}% 2
\BOOKMARK [0][-]{section*.4}{\376\377\000K\000e\000y\000\040\000T\000o\000\040\000A\000b\000b\000r\000e\000v\000i\000a\000t\000i\000o\000n\000s}{}% 3
\BOOKMARK [0][-]{chapter*.5}{\376\377\000R\000o\000a\000d\000m\000a\000p}{}% 4
\BOOKMARK [0][-]{chapter.1}{\376\377\000C\000h\000a\000p\000t\000e\000r\000\040\0001\000I\000n\000t\000r\000o\000d\000u\000c\000t\000i\000o\000n}{}% 5
\BOOKMARK [0][-]{chapter.2}{\376\377\000C\000h\000a\000p\000t\000e\000r\000\040\0002\000T\000h\000e\000o\000r\000e\000t\000i\000c\000a\000l\000\040\000O\000v\000e\000r\000v\000i\000e\000w}{}% 6
\BOOKMARK [1][-]{section.2.1}{\376\377\000T\000h\000e\000\040\000S\000t\000a\000n\000d\000a\000r\000d\000\040\000M\000o\000d\000e\000l}{chapter.2}% 7
\BOOKMARK [2][-]{subsection.2.1.1}{\376\377\000E\000l\000e\000m\000e\000n\000t\000a\000r\000y\000\040\000p\000a\000r\000t\000i\000c\000l\000e\000s}{section.2.1}% 8
\BOOKMARK [2][-]{subsection.2.1.2}{\376\377\000M\000a\000t\000h\000e\000m\000a\000t\000i\000c\000a\000l\000\040\000f\000o\000r\000m\000a\000l\000i\000s\000m}{section.2.1}% 9
\BOOKMARK [2][-]{subsection.2.1.3}{\376\377\000B\000e\000y\000o\000n\000d\000\040\000t\000h\000e\000\040\000S\000t\000a\000n\000d\000a\000r\000d\000\040\000M\000o\000d\000e\000l}{section.2.1}% 10
\BOOKMARK [1][-]{section.2.2}{\376\377\000F\000o\000u\000r\000-\000t\000o\000p\000\040\000q\000u\000a\000r\000k\000\040\000p\000r\000o\000d\000u\000c\000t\000i\000o\000n}{chapter.2}% 11
\BOOKMARK [1][-]{section.2.3}{\376\377\000C\000o\000l\000l\000i\000d\000e\000r\000\040\000p\000h\000y\000s\000i\000c\000s}{chapter.2}% 12
\BOOKMARK [0][-]{chapter.3}{\376\377\000C\000h\000a\000p\000t\000e\000r\000\040\0003\000L\000H\000C\000\040\000\046\000\040\000A\000T\000L\000A\000S\000\040\000E\000x\000p\000e\000r\000i\000m\000e\000n\000t}{}% 13
\BOOKMARK [1][-]{section.3.1}{\376\377\000T\000h\000e\000\040\000L\000a\000r\000g\000e\000\040\000H\000a\000d\000r\000o\000n\000\040\000C\000o\000l\000l\000i\000d\000e\000r}{chapter.3}% 14
\BOOKMARK [2][-]{subsection.3.1.1}{\376\377\000O\000v\000e\000r\000v\000i\000e\000w}{section.3.1}% 15
\BOOKMARK [2][-]{subsection.3.1.2}{\376\377\000L\000H\000C\000\040\000o\000p\000e\000r\000a\000t\000i\000o\000n\000s}{section.3.1}% 16
\BOOKMARK [1][-]{section.3.2}{\376\377\000T\000h\000e\000\040\000A\000T\000L\000A\000S\000\040\000d\000e\000t\000e\000c\000t\000o\000r}{chapter.3}% 17
\BOOKMARK [2][-]{subsection.3.2.1}{\376\377\000I\000n\000n\000e\000r\000\040\000d\000e\000t\000e\000c\000t\000o\000r}{section.3.2}% 18
\BOOKMARK [2][-]{subsection.3.2.2}{\376\377\000C\000a\000l\000o\000r\000i\000m\000e\000t\000e\000r\000\040\000s\000y\000s\000t\000e\000m\000s}{section.3.2}% 19
\BOOKMARK [2][-]{subsection.3.2.3}{\376\377\000M\000u\000o\000n\000\040\000s\000p\000e\000c\000t\000r\000o\000m\000e\000t\000e\000r}{section.3.2}% 20
\BOOKMARK [2][-]{subsection.3.2.4}{\376\377\000F\000o\000r\000w\000a\000r\000d\000\040\000d\000e\000t\000e\000c\000t\000o\000r\000s}{section.3.2}% 21
\BOOKMARK [2][-]{subsection.3.2.5}{\376\377\000M\000a\000g\000n\000e\000t\000i\000c\000\040\000s\000y\000s\000t\000e\000m\000s}{section.3.2}% 22
\BOOKMARK [2][-]{subsection.3.2.6}{\376\377\000T\000r\000i\000g\000g\000e\000r\000\040\000\046\000\040\000d\000a\000t\000a\000\040\000a\000c\000q\000u\000i\000s\000i\000t\000i\000o\000n}{section.3.2}% 23
\BOOKMARK [0][-]{chapter.4}{\376\377\000C\000h\000a\000p\000t\000e\000r\000\040\0004\000D\000a\000t\000a\000\040\000\046\000\040\000S\000i\000m\000u\000l\000a\000t\000e\000d\000\040\000S\000a\000m\000p\000l\000e\000s}{}% 24
\BOOKMARK [1][-]{section.4.1}{\376\377\000D\000a\000t\000a\000\040\000s\000a\000m\000p\000l\000e\000s}{chapter.4}% 25
\BOOKMARK [1][-]{section.4.2}{\376\377\000M\000o\000n\000t\000e\000\040\000C\000a\000r\000l\000o\000\040\000s\000a\000m\000p\000l\000e\000s}{chapter.4}% 26
\BOOKMARK [2][-]{subsection.4.2.1}{\376\377\000t\000Z\000'\000\040\000s\000i\000g\000n\000a\000l\000\040\000s\000a\000m\000p\000l\000e\000s}{section.4.2}% 27
\BOOKMARK [2][-]{subsection.4.2.2}{\376\377\000B\000a\000c\000k\000g\000r\000o\000u\000n\000d\000\040\000s\000a\000m\000p\000l\000e\000s}{section.4.2}% 28
\BOOKMARK [0][-]{chapter.5}{\376\377\000C\000h\000a\000p\000t\000e\000r\000\040\0005\000P\000a\000r\000t\000i\000c\000l\000e\000\040\000R\000e\000c\000o\000n\000s\000t\000r\000u\000c\000t\000i\000o\000n\000\040\000\046\000\040\000I\000d\000e\000n\000t\000i\000f\000i\000c\000a\000t\000i\000o\000n}{}% 29
\BOOKMARK [1][-]{section.5.1}{\376\377\000P\000r\000i\000m\000a\000r\000y\000\040\000r\000e\000c\000o\000n\000s\000t\000r\000u\000c\000t\000i\000o\000n}{chapter.5}% 30
\BOOKMARK [2][-]{subsection.5.1.1}{\376\377\000T\000o\000p\000o\000l\000o\000g\000i\000c\000a\000l\000\040\000c\000l\000u\000s\000t\000e\000r\000s}{section.5.1}% 31
\BOOKMARK [2][-]{subsection.5.1.2}{\376\377\000T\000r\000a\000c\000k\000s}{section.5.1}% 32
\BOOKMARK [2][-]{subsection.5.1.3}{\376\377\000V\000e\000r\000t\000i\000c\000e\000s}{section.5.1}% 33
\BOOKMARK [1][-]{section.5.2}{\376\377\000J\000e\000t\000s}{chapter.5}% 34
\BOOKMARK [2][-]{subsection.5.2.1}{\376\377\000F\000l\000a\000v\000o\000r\000\040\000t\000a\000g\000g\000i\000n\000g}{section.5.2}% 35
\BOOKMARK [1][-]{section.5.3}{\376\377\000L\000e\000p\000t\000o\000n\000s}{chapter.5}% 36
\BOOKMARK [2][-]{subsection.5.3.1}{\376\377\000E\000l\000e\000c\000t\000r\000o\000n\000s}{section.5.3}% 37
\BOOKMARK [2][-]{subsection.5.3.2}{\376\377\000M\000u\000o\000n\000s}{section.5.3}% 38
\BOOKMARK [1][-]{section.5.4}{\376\377\000M\000i\000s\000s\000i\000n\000g\000\040\000t\000r\000a\000n\000s\000v\000e\000r\000s\000e\000\040\000m\000o\000m\000e\000n\000t\000u\000m}{chapter.5}% 39
\BOOKMARK [1][-]{section.5.5}{\376\377\000O\000v\000e\000r\000l\000a\000p\000\040\000r\000e\000m\000o\000v\000a\000l}{chapter.5}% 40
\BOOKMARK [0][-]{chapter.6}{\376\377\000C\000h\000a\000p\000t\000e\000r\000\040\0006\000E\000v\000e\000n\000t\000\040\000S\000e\000l\000e\000c\000t\000i\000o\000n}{}% 41
\BOOKMARK [1][-]{section.6.1}{\376\377\000O\000b\000j\000e\000c\000t\000\040\000d\000e\000f\000i\000n\000i\000t\000i\000o\000n}{chapter.6}% 42
\BOOKMARK [1][-]{section.6.2}{\376\377\000T\000r\000i\000g\000g\000e\000r\000\040\000s\000e\000l\000e\000c\000t\000i\000o\000n}{chapter.6}% 43
\BOOKMARK [0][-]{chapter.7}{\376\377\000C\000h\000a\000p\000t\000e\000r\000\040\0007\000A\000n\000a\000l\000y\000s\000i\000s\000\040\000S\000t\000r\000a\000t\000e\000g\000y}{}% 44
\BOOKMARK [1][-]{section.7.1}{\376\377\000A\000n\000a\000l\000y\000s\000i\000s\000\040\000r\000e\000g\000i\000o\000n\000s}{chapter.7}% 45
\BOOKMARK [2][-]{subsection.7.1.1}{\376\377\000E\000v\000e\000n\000t\000\040\000c\000a\000t\000e\000g\000o\000r\000i\000z\000a\000t\000i\000o\000n}{section.7.1}% 46
\BOOKMARK [2][-]{subsection.7.1.2}{\376\377\000C\000o\000n\000t\000r\000o\000l\000\040\000r\000e\000g\000i\000o\000n\000s}{section.7.1}% 47
\BOOKMARK [2][-]{subsection.7.1.3}{\376\377\000S\000i\000g\000n\000a\000l\000\040\000r\000e\000g\000i\000o\000n\000s}{section.7.1}% 48
\BOOKMARK [2][-]{subsection.7.1.4}{\376\377\000V\000a\000l\000i\000d\000a\000t\000i\000o\000n\000\040\000r\000e\000g\000i\000o\000n}{section.7.1}% 49
\BOOKMARK [1][-]{section.7.2}{\376\377\000B\000a\000c\000k\000g\000r\000o\000u\000n\000d\000\040\000e\000s\000t\000i\000m\000a\000t\000i\000o\000n}{chapter.7}% 50
\BOOKMARK [2][-]{subsection.7.2.1}{\376\377\000F\000a\000k\000e\000\040\000\046\000\040\000n\000o\000n\000-\000p\000r\000o\000m\000p\000t\000\040\000l\000e\000p\000t\000o\000n\000s}{section.7.2}% 51
\BOOKMARK [2][-]{subsection.7.2.2}{\376\377\000I\000r\000r\000e\000d\000u\000c\000i\000b\000l\000e\000\040\000b\000a\000c\000k\000g\000r\000o\000u\000n\000d}{section.7.2}% 52
\BOOKMARK [1][-]{section.7.3}{\376\377\000S\000i\000g\000n\000a\000l\000\040\000e\000x\000t\000r\000a\000c\000t\000i\000o\000n}{chapter.7}% 53
\BOOKMARK [0][-]{chapter.8}{\376\377\000C\000h\000a\000p\000t\000e\000r\000\040\0008\000S\000y\000s\000t\000e\000m\000a\000t\000i\000c\000\040\000U\000n\000c\000e\000r\000t\000a\000i\000n\000t\000i\000e\000s}{}% 54
\BOOKMARK [1][-]{section.8.1}{\376\377\000E\000x\000p\000e\000r\000i\000m\000e\000n\000t\000a\000l\000\040\000u\000n\000c\000e\000r\000t\000a\000i\000n\000t\000i\000e\000s}{chapter.8}% 55
\BOOKMARK [1][-]{section.8.2}{\376\377\000M\000o\000d\000e\000l\000i\000n\000g\000\040\000u\000n\000c\000e\000r\000t\000a\000i\000n\000t\000i\000e\000s}{chapter.8}% 56
\BOOKMARK [2][-]{subsection.8.2.1}{\376\377\000S\000i\000g\000n\000a\000l\000\040\000m\000o\000d\000e\000l\000i\000n\000g\000\040\000u\000n\000c\000e\000r\000t\000a\000i\000n\000t\000i\000e\000s}{section.8.2}% 57
\BOOKMARK [2][-]{subsection.8.2.2}{\376\377\000B\000a\000c\000k\000g\000r\000o\000u\000n\000d\000\040\000m\000o\000d\000e\000l\000i\000n\000g\000\040\000u\000n\000c\000e\000r\000t\000a\000i\000n\000t\000i\000e\000s}{section.8.2}% 58
\BOOKMARK [0][-]{chapter.9}{\376\377\000C\000h\000a\000p\000t\000e\000r\000\040\0009\000R\000e\000s\000u\000l\000t\000s}{}% 59
\BOOKMARK [1][-]{section.9.1}{\376\377\000L\000i\000k\000e\000l\000i\000h\000o\000o\000d\000\040\000f\000i\000t}{chapter.9}% 60
\BOOKMARK [1][-]{section.9.2}{\376\377\000L\000i\000m\000i\000t\000s}{chapter.9}% 61
\BOOKMARK [1][-]{section.9.3}{\376\377\000I\000n\000t\000e\000r\000p\000r\000e\000t\000a\000t\000i\000o\000n}{chapter.9}% 62
\BOOKMARK [0][-]{chapter.10}{\376\377\000C\000h\000a\000p\000t\000e\000r\000\040\0001\0000\000S\000u\000m\000m\000a\000r\000y}{}% 63
\BOOKMARK [0][-]{chapter*.16}{\376\377\000R\000e\000f\000e\000r\000e\000n\000c\000e\000s}{}% 64
